2024-12-09T16:20:05+00:00 DEBUG POST: https://business-api.tiktok.com/tbp/v2.0/business_profile/disconnect?external_data=

{"business_platform":"WOO_COMMERCE","external_business_id":"tt4b_woocommerce_67544b546ba50"}
 ajax: no
2024-12-09T16:20:06+00:00 DEBUG Tt4b_Mapi_Class::tbp_post: Response: 

HTTP/1.1 200 OK
Content-Type: application/json; charset=utf-8
Content-Length: 95
X-Api-Deprecation-Info: API for Business Version 1.3 is now live. To avoid disruption to your business, we recommend you migrate all calls to v1.3 as soon as possible. Please visit our migration guide for more details: https://ads.tiktok.com/marketing_api/docs?id=1740029169927169
X-Domain-Change-Info: We have moved to the new domain business-api.tiktok.com for API services after the Platform Upgrade on 09/30/2021. Please update all of your requests with the new domain if you haven't done so already. For more information, please visit https://ads.tiktok.com/marketing_api/docs?rid=esb88xalm6m&id=1709207085043713
X-Tt-Logid: 2024120916200647E49207E6C128563398
Server-Timing: inner; dur=9
x-tt-trace-host: 0133d89589f0053669ceb88f02f26c57420f5f252fc1da52609559a26b65ce602ed71eaf05452b65f861948dbb1ad131dd9c5392709605136aaf731641add6eed83d5f2630c5aa78d1e776dfe0854c7b2739173afc76f06425d0c67df6dcc74e10
x-tt-trace-id: 00-24120916200647E49207E6C128563398-62C171F629A5EFAD-00
Server: TLB
Expires: Mon, 09 Dec 2024 16:20:07 GMT
Cache-Control: max-age=0, no-cache, no-store
Pragma: no-cache
Date: Mon, 09 Dec 2024 16:20:07 GMT
X-Cache: TCP_MISS from a23-79-246-135.deploy.akamaitechnologies.com (AkamaiGHost/11.7.1-5564540792473a75b19a89fcf1e2a34b) (-)
Connection: close
x-tt-trace-tag: id=16;cdn-cache=miss;type=dyn
Server-Timing: cdn-cache; desc=MISS, edge; dur=1, origin; dur=167
X-Origin-Response-Time: 167,23.79.246.135
X-Akamai-Request-ID: 8b84b90

{"code":40001,"message":"Permission denied.","request_id":"2024120916200647E49207E6C128563398"}

2024-12-09T16:20:07+00:00 DEBUG POST: https://business-api.tiktok.com/tbp/v2.0/shop/connection/disconnect?external_data=

--- EMPTY STRING ---
 ajax: no
2024-12-09T16:20:07+00:00 DEBUG Tt4b_Mapi_Class::tts_shop_disconnect: Response: 

HTTP/1.1 200 OK
Content-Type: application/json; charset=utf-8
Content-Length: 95
X-Api-Deprecation-Info: API for Business Version 1.3 is now live. To avoid disruption to your business, we recommend you migrate all calls to v1.3 as soon as possible. Please visit our migration guide for more details: https://ads.tiktok.com/marketing_api/docs?id=1740029169927169
X-Domain-Change-Info: We have moved to the new domain business-api.tiktok.com for API services after the Platform Upgrade on 09/30/2021. Please update all of your requests with the new domain if you haven't done so already. For more information, please visit https://ads.tiktok.com/marketing_api/docs?rid=esb88xalm6m&id=1709207085043713
X-Tt-Logid: 2024120916200747E49207E6C1285633CD
Server-Timing: inner; dur=8
x-tt-trace-host: 0133d89589f0053669ceb88f02f26c57420f5f252fc1da52609559a26b65ce602ed71eaf05452b65f861948dbb1ad131dd9c5392709605136aaf731641add6eed8bcf52b099749edc66a9cf1d28921786fe939e23db2729a12025688539a9fb782
x-tt-trace-id: 00-24120916200747E49207E6C1285633CD-62C171F629A5F017-00
Server: TLB
Expires: Mon, 09 Dec 2024 16:20:08 GMT
Cache-Control: max-age=0, no-cache, no-store
Pragma: no-cache
Date: Mon, 09 Dec 2024 16:20:08 GMT
X-Cache: TCP_MISS from a23-79-246-135.deploy.akamaitechnologies.com (AkamaiGHost/11.7.1-5564540792473a75b19a89fcf1e2a34b) (-)
Connection: close
x-tt-trace-tag: id=16;cdn-cache=miss;type=dyn
Server-Timing: cdn-cache; desc=MISS, edge; dur=0, origin; dur=166
X-Origin-Response-Time: 166,23.79.246.135
X-Akamai-Request-ID: 8b85537

{"code":40001,"message":"Permission denied.","request_id":"2024120916200747E49207E6C1285633CD"}

